<?xml version="1.0" encoding="UTF-8"?>
<testsuite xmlns:xsi="http://www.w3.org/2001/XMLSchema-instance" xsi:noNamespaceSchemaLocation="https://maven.apache.org/surefire/maven-surefire-plugin/xsd/surefire-test-report-3.0.xsd" version="3.0" name="iiitderp.com.SmokeTest" time="0.103" tests="5" errors="0" skipped="0" failures="0">
  <properties>
[...]
</properties>
  <testcase name="testAppInstantiation" classname="iiitderp.com.SmokeTest" time="0.066"/>
  <testcase name="testBasicMath" classname="iiitderp.com.SmokeTest" time="0.0"/>
  <testcase name="testStringOperations" classname="iiitderp.com.SmokeTest" time="0.0"/>
  <testcase name="testBooleanLogic" classname="iiitderp.com.SmokeTest" time="0.0"/>
  <testcase name="testCollections" classname="iiitderp.com.SmokeTest" time="0.014"/>
</testsuite>